<?xml version="1.0" encoding="UTF-8"?>
<testng-results ignored="0" total="1" passed="1" failed="0" skipped="0">
  <reporter-output>
  </reporter-output>
  <suite started-at="2023-10-06T20:22:44 IST" name="Default suite" finished-at="2023-10-06T20:24:36 IST" duration-ms="112094">
    <groups>
    </groups>
    <test started-at="2023-10-06T20:22:44 IST" name="Default test" finished-at="2023-10-06T20:24:36 IST" duration-ms="112094">
      <class name="org.testing.testscripts.TC7">
        <test-method is-config="true" signature="parent()[pri:0, instance:org.testing.testscripts.TC7@6bbe85a8]" started-at="2023-10-06T20:22:44 IST" name="parent" finished-at="2023-10-06T20:23:23 IST" duration-ms="38928" status="PASS">
          <reporter-output>
          </reporter-output>
        </test-method> <!-- parent -->
        <test-method signature="comments()[pri:0, instance:org.testing.testscripts.TC7@6bbe85a8]" started-at="2023-10-06T20:23:23 IST" name="comments" finished-at="2023-10-06T20:24:35 IST" duration-ms="72547" status="PASS">
          <reporter-output>
          </reporter-output>
        </test-method> <!-- comments -->
        <test-method is-config="true" signature="tearDown()[pri:0, instance:org.testing.testscripts.TC7@6bbe85a8]" started-at="2023-10-06T20:24:35 IST" name="tearDown" finished-at="2023-10-06T20:24:36 IST" duration-ms="462" status="PASS">
          <reporter-output>
          </reporter-output>
        </test-method> <!-- tearDown -->
      </class> <!-- org.testing.testscripts.TC7 -->
    </test> <!-- Default test -->
  </suite> <!-- Default suite -->
</testng-results>
